<?xml version="1.0" encoding="UTF-8"?>
<!-- Generated by org.testng.reporters.JUnitReportReporter -->
<testsuite skipped="0" hostname="DESKTOP-D78M4RB" name="testCases.TC1" tests="3" failures="0" timestamp="2021-01-05T21:33:05 IST" time="30.453" errors="0">
  <testcase name="sampleMethod2" time="9.381" classname="testCases.TC1"/>
  <system-out/>
  <testcase name="sampleMethod3" time="9.253" classname="testCases.TC1"/>
  <system-out/>
  <testcase name="sampleMethod" time="11.819" classname="testCases.TC1"/>
  <system-out/>
</testsuite> <!-- testCases.TC1 -->
