<?xml version="1.0" encoding="UTF-8"?>
<!-- Generated by org.testng.reporters.JUnitReportReporter -->
<testsuite skipped="0" hostname="DESKTOP-D78M4RB" name="testCases.TC1" tests="3" failures="0" timestamp="2020-12-31T00:18:09 IST" time="29.020" errors="0">
  <testcase name="sampleMethod2" time="9.513" classname="testCases.TC1"/>
  <system-out/>
  <testcase name="sampleMethod" time="10.409" classname="testCases.TC1"/>
  <system-out/>
  <testcase name="sampleMethod3" time="9.098" classname="testCases.TC1"/>
  <system-out/>
</testsuite> <!-- testCases.TC1 -->
