<?xml version="1.0" encoding="UTF-8"?>
<!-- Generated by org.testng.reporters.JUnitReportReporter -->
<testsuite skipped="0" hostname="DESKTOP-D78M4RB" name="testCases.TC2" tests="3" failures="0" timestamp="2020-12-24T00:08:38 IST" time="31.676" errors="0">
  <testcase name="sampleMethod2" time="10.152" classname="testCases.TC2"/>
  <system-out/>
  <testcase name="sampleMethod" time="11.445" classname="testCases.TC2"/>
  <system-out/>
  <testcase name="sampleMethod3" time="10.079" classname="testCases.TC2"/>
  <system-out/>
</testsuite> <!-- testCases.TC2 -->
